Change Component Designator: Old Designator=J1 New Designator=J4
Change Component Designator: Old Designator=J2 New Designator=J3
Change Component Designator: Old Designator=J3 New Designator=J5
Change Component Designator: Old Designator=R1a New Designator=R26
Change Component Designator: Old Designator=R1b New Designator=R27
Change Component Designator: Old Designator=R1p New Designator=R24
Change Component Designator: Old Designator=R2a New Designator=R32
Change Component Designator: Old Designator=R2b New Designator=R33
Change Component Designator: Old Designator=R2p New Designator=R30
Change Component Designator: Old Designator=R3 New Designator=R23
Change Component Designator: Old Designator=R4a New Designator=R37
Change Component Designator: Old Designator=R4b New Designator=R38
Change Component Designator: Old Designator=R4p New Designator=R34
Change Component Designator: Old Designator=R5a New Designator=R43
Change Component Designator: Old Designator=R5b New Designator=R44
Change Component Designator: Old Designator=R5p New Designator=R42
Change Component Designator: Old Designator=R6a New Designator=R40
Change Component Designator: Old Designator=R6b New Designator=R41
Change Component Designator: Old Designator=R6p New Designator=R39
Change Component Designator: Old Designator=R7a New Designator=R35
Change Component Designator: Old Designator=R7b New Designator=R36
Change Component Designator: Old Designator=R7p New Designator=R31
Change Component Designator: Old Designator=R8a New Designator=R28
Change Component Designator: Old Designator=R8b New Designator=R29
Change Component Designator: Old Designator=R8p New Designator=R25
Change Component Designator: Old Designator=TP1 New Designator=TP5
Change Component Designator: Old Designator=TP2 New Designator=TP6
Change Component Designator: Old Designator=U1 New Designator=U5
Change Component Designator: Old Designator=U1 New Designator=U4
Change Component Designator: Old Designator=U2 New Designator=U3
Change Component Part ID : Designator=U3 Old Part ID =1 New Part ID =2
Change Component Designator: Old Designator=U2 New Designator=U4
Change Component Part ID : Designator=U4 Old Part ID =2 New Part ID =1
